#
# There is insufficient memory for the Java Runtime Environment to continue.
# Native memory allocation (mmap) failed to map 134217728 bytes for G1 virtual space
# Possible reasons:
#   The system is out of physical RAM or swap space
#   The process is running with CompressedOops enabled, and the Java Heap may be blocking the growth of the native heap
# Possible solutions:
#   Reduce memory load on the system
#   Increase physical memory or swap space
#   Check if swap backing store is full
#   Decrease Java heap size (-Xmx/-Xms)
#   Decrease number of Java threads
#   Decrease Java thread stack sizes (-Xss)
#   Set larger code cache with -XX:ReservedCodeCacheSize=
#   JVM is running with Unscaled Compressed Oops mode in which the Java heap is
#     placed in the first 4GB address space. The Java Heap base address is the
#     maximum limit for the native heap growth. Please use -XX:HeapBaseMinAddress
#     to set the Java Heap base and to place the Java Heap above 4GB virtual address.
# This output file may be truncated or incomplete.
#
#  Out of Memory Error (os_windows.cpp:3829), pid=552, tid=6272
#
# JRE version:  (17.0.8+7) (build )
# Java VM: OpenJDK 64-Bit Server VM (17.0.8+7-b1000.8, mixed mode, sharing, tiered, compressed oops, compressed class ptrs, g1 gc, windows-amd64)
# No core dump will be written. Minidumps are not enabled by default on client versions of Windows
#

---------------  S U M M A R Y ------------

Command Line: git4idea.http.GitAskPassApp Username for 'https://github.com': 

Host: Intel(R) Core(TM) i5-2400 CPU @ 3.10GHz, 4 cores, 7G,  Windows 10 , 64 bit Build 19041 (10.0.19041.1706)
Time: Sat Dec  9 17:11:36 2023 India Standard Time elapsed time: 0.029426 seconds (0d 0h 0m 0s)

---------------  T H R E A D  ---------------

Current thread (0x0000022fe9f9dd50):  JavaThread "Unknown thread" [_thread_in_vm, id=6272, stack(0x0000003233b00000,0x0000003233c00000)]

Stack: [0x0000003233b00000,0x0000003233c00000]
Native frames: (J=compiled Java code, j=interpreted, Vv=VM code, C=native code)
V  [jvm.dll+0x6852da]
V  [jvm.dll+0x844c84]
V  [jvm.dll+0x84659e]
V  [jvm.dll+0x846c03]
V  [jvm.dll+0x24b7cf]
V  [jvm.dll+0x682049]
V  [jvm.dll+0x67671a]
V  [jvm.dll+0x30be2b]
V  [jvm.dll+0x3132d6]
V  [jvm.dll+0x36302e]
V  [jvm.dll+0x36325f]
V  [jvm.dll+0x2e1f48]
V  [jvm.dll+0x2e2eb4]
V  [jvm.dll+0x815c11]
V  [jvm.dll+0x370df1]
V  [jvm.dll+0x7f4fdc]
V  [jvm.dll+0x3f3f1f]
V  [jvm.dll+0x3f5b31]
C  [jli.dll+0x528f]
C  [ucrtbase.dll+0x21bb2]
C  [KERNEL32.DLL+0x17034]
C  [ntdll.dll+0x52651]


---------------  P R O C E S S  ---------------

Threads class SMR info:
_java_thread_list=0x00007ff9e7170098, length=0, elements={
}

Java Threads: ( => current thread )

Other Threads:
  0x0000022fe9ff9660 GCTaskThread "GC Thread#0" [stack: 0x0000003233c00000,0x0000003233d00000] [id=12136]
  0x0000022fea00a340 ConcurrentGCThread "G1 Main Marker" [stack: 0x0000003233d00000,0x0000003233e00000] [id=12236]
  0x0000022fea00b5c0 ConcurrentGCThread "G1 Conc#0" [stack: 0x0000003233e00000,0x0000003233f00000] [id=9964]

[error occurred during error reporting (printing all threads), id 0xc0000005, EXCEPTION_ACCESS_VIOLATION (0xc0000005) at pc=0x00007ff9e6922ab7]

VM state: not at safepoint (not fully initialized)

VM Mutex/Monitor currently owned by a thread:  ([mutex/lock_event])
[0x0000022fe9f98510] Heap_lock - owner thread: 0x0000022fe9f9dd50

Heap address: 0x0000000081a00000, size: 2022 MB, Compressed Oops mode: 32-bit

CDS archive(s) mapped at: [0x0000000000000000-0x0000000000000000-0x0000000000000000), size 0, SharedBaseAddress: 0x0000000800000000, ArchiveRelocationMode: 1.
Narrow klass base: 0x0000000000000000, Narrow klass shift: 0, Narrow klass range: 0x0

GC Precious Log:
<Empty>

Heap:
 garbage-first heap   total 0K, used 0K [0x0000000081a00000, 0x0000000100000000)
  region size 1024K, 0 young (0K), 0 survivors (0K)
 Metaspace       used 0K, committed 0K, reserved 0K
  class space    used 0K, committed 0K, reserved 0K

Heap Regions: E=young(eden), S=young(survivor), O=old, HS=humongous(starts), HC=humongous(continues), CS=collection set, F=free, OA=open archive, CA=closed archive, TAMS=top-at-mark-start (previous, next)

Card table byte_map: [0x0000022ffcb10000,0x0000022ffcf10000] _byte_map_base: 0x0000022ffc703000

Marking Bits (Prev, Next): (CMBitMap*) 0x0000022fe9ff9c80, (CMBitMap*) 0x0000022fe9ff9cc0
 Prev Bits: [0x0000022ffd310000, 0x0000022fff2a8000)
 Next Bits: [0x0000022f80000000, 0x0000022f81f98000)

GC Heap History (0 events):
No events

Dll operation events (1 events):
Event: 0.009 Loaded shared library C:\Program Files\JetBrains\WebStorm 2023.2.1\jbr\bin\java.dll

Deoptimization events (0 events):
No events

Classes unloaded (0 events):
No events

Classes redefined (0 events):
No events

Internal exceptions (0 events):
No events

VM Operations (0 events):
No events

Events (0 events):
No events


Dynamic libraries:
0x00007ff770e60000 - 0x00007ff770e6a000 	C:\Program Files\JetBrains\WebStorm 2023.2.1\jbr\bin\java.exe
0x00007ffa293f0000 - 0x00007ffa295e5000 	C:\WINDOWS\SYSTEM32\ntdll.dll
0x00007ffa181a0000 - 0x00007ffa181b9000 	C:\Program Files\Avast Software\Avast\aswhook.dll
0x00007ffa27ee0000 - 0x00007ffa27f9d000 	C:\WINDOWS\System32\KERNEL32.DLL
0x00007ffa26d70000 - 0x00007ffa2703d000 	C:\WINDOWS\System32\KERNELBASE.dll
0x00007ffa27340000 - 0x00007ffa27440000 	C:\WINDOWS\System32\ucrtbase.dll
0x00007ffa11a90000 - 0x00007ffa11aa7000 	C:\Program Files\JetBrains\WebStorm 2023.2.1\jbr\bin\jli.dll
0x00007ff9ff290000 - 0x00007ff9ff2ab000 	C:\Program Files\JetBrains\WebStorm 2023.2.1\jbr\bin\VCRUNTIME140.dll
0x00007ffa29050000 - 0x00007ffa291f0000 	C:\WINDOWS\System32\USER32.dll
0x00007ffa26b00000 - 0x00007ffa26b22000 	C:\WINDOWS\System32\win32u.dll
0x00007ffa0c620000 - 0x00007ffa0c8ba000 	C:\WINDOWS\WinSxS\amd64_microsoft.windows.common-controls_6595b64144ccf1df_6.0.19041.1110_none_60b5254171f9507e\COMCTL32.dll
0x00007ffa29380000 - 0x00007ffa293aa000 	C:\WINDOWS\System32\GDI32.dll
0x00007ffa286e0000 - 0x00007ffa2877e000 	C:\WINDOWS\System32\msvcrt.dll
0x00007ffa270e0000 - 0x00007ffa271eb000 	C:\WINDOWS\System32\gdi32full.dll
0x00007ffa27040000 - 0x00007ffa270dd000 	C:\WINDOWS\System32\msvcp_win.dll
0x00007ffa28c70000 - 0x00007ffa28ca0000 	C:\WINDOWS\System32\IMM32.DLL
0x00007ffa240e0000 - 0x00007ffa240ec000 	C:\Program Files\JetBrains\WebStorm 2023.2.1\jbr\bin\vcruntime140_1.dll
0x00007ff9ee8d0000 - 0x00007ff9ee95d000 	C:\Program Files\JetBrains\WebStorm 2023.2.1\jbr\bin\msvcp140.dll
0x00007ff9e6630000 - 0x00007ff9e72b3000 	C:\Program Files\JetBrains\WebStorm 2023.2.1\jbr\bin\server\jvm.dll
0x00007ffa282c0000 - 0x00007ffa2836e000 	C:\WINDOWS\System32\ADVAPI32.dll
0x00007ffa274f0000 - 0x00007ffa2758c000 	C:\WINDOWS\System32\sechost.dll
0x00007ffa29250000 - 0x00007ffa29375000 	C:\WINDOWS\System32\RPCRT4.dll
0x00007ffa26510000 - 0x00007ffa2655b000 	C:\WINDOWS\SYSTEM32\POWRPROF.dll
0x00007ffa1a460000 - 0x00007ffa1a469000 	C:\WINDOWS\SYSTEM32\WSOCK32.dll
0x00007ffa1bd10000 - 0x00007ffa1bd37000 	C:\WINDOWS\SYSTEM32\WINMM.dll
0x00007ffa28c00000 - 0x00007ffa28c6b000 	C:\WINDOWS\System32\WS2_32.dll
0x00007ffa20e30000 - 0x00007ffa20e3a000 	C:\WINDOWS\SYSTEM32\VERSION.dll
0x00007ffa264f0000 - 0x00007ffa26502000 	C:\WINDOWS\SYSTEM32\UMPDC.dll
0x00007ffa24a00000 - 0x00007ffa24a12000 	C:\WINDOWS\SYSTEM32\kernel.appcore.dll
0x00007ffa24090000 - 0x00007ffa2409a000 	C:\Program Files\JetBrains\WebStorm 2023.2.1\jbr\bin\jimage.dll
0x00007ffa20980000 - 0x00007ffa20b64000 	C:\WINDOWS\SYSTEM32\DBGHELP.DLL
0x00007ffa20950000 - 0x00007ffa2097c000 	C:\WINDOWS\SYSTEM32\dbgcore.DLL
0x00007ffa272b0000 - 0x00007ffa27332000 	C:\WINDOWS\System32\bcryptPrimitives.dll
0x00007ffa22c00000 - 0x00007ffa22c25000 	C:\Program Files\JetBrains\WebStorm 2023.2.1\jbr\bin\java.dll

dbghelp: loaded successfully - version: 4.0.5 - missing functions: none
symbol engine: initialized successfully - sym options: 0x614 - pdb path: .;C:\Program Files\JetBrains\WebStorm 2023.2.1\jbr\bin;C:\WINDOWS\SYSTEM32;C:\Program Files\Avast Software\Avast;C:\WINDOWS\WinSxS\amd64_microsoft.windows.common-controls_6595b64144ccf1df_6.0.19041.1110_none_60b5254171f9507e;C:\Program Files\JetBrains\WebStorm 2023.2.1\jbr\bin\server

VM Arguments:
java_command: git4idea.http.GitAskPassApp Username for 'https://github.com': 
java_class_path (initial): C:/Program Files/JetBrains/WebStorm 2023.2.1/plugins/vcs-git/lib/git4idea-rt.jar;C:/Program Files/JetBrains/WebStorm 2023.2.1/lib/externalProcess-rt.jar
Launcher Type: SUN_STANDARD

[Global flags]
     intx CICompilerCount                          = 3                                         {product} {ergonomic}
     uint ConcGCThreads                            = 1                                         {product} {ergonomic}
     uint G1ConcRefinementThreads                  = 4                                         {product} {ergonomic}
   size_t G1HeapRegionSize                         = 1048576                                   {product} {ergonomic}
    uintx GCDrainStackTargetSize                   = 64                                        {product} {ergonomic}
   size_t InitialHeapSize                          = 134217728                                 {product} {ergonomic}
   size_t MarkStackSize                            = 4194304                                   {product} {ergonomic}
   size_t MaxHeapSize                              = 2120220672                                {product} {ergonomic}
   size_t MinHeapDeltaBytes                        = 1048576                                   {product} {ergonomic}
   size_t MinHeapSize                              = 8388608                                   {product} {ergonomic}
    uintx NonNMethodCodeHeapSize                   = 5832780                                {pd product} {ergonomic}
    uintx NonProfiledCodeHeapSize                  = 122912730                              {pd product} {ergonomic}
    uintx ProfiledCodeHeapSize                     = 122912730                              {pd product} {ergonomic}
    uintx ReservedCodeCacheSize                    = 251658240                              {pd product} {ergonomic}
     bool SegmentedCodeCache                       = true                                      {product} {ergonomic}
   size_t SoftMaxHeapSize                          = 2120220672                             {manageable} {ergonomic}
     bool UseCompressedClassPointers               = true                           {product lp64_product} {ergonomic}
     bool UseCompressedOops                        = true                           {product lp64_product} {ergonomic}
     bool UseG1GC                                  = true                                      {product} {ergonomic}
     bool UseLargePagesIndividualAllocation        = false                                  {pd product} {ergonomic}

Logging:
Log output configuration:
 #0: stdout all=warning uptime,level,tags
 #1: stderr all=off uptime,level,tags

Environment Variables:
PATH=C:\Program Files\Git\mingw64\libexec\git-core;C:\Program Files\Git\mingw64\libexec\git-core;C:\Program Files\Git\mingw64\bin;C:\Program Files\Git\usr\bin;C:\Users\Jay\bin;C:\WINDOWS;C:\WINDOWS\system32;C:\WINDOWS\System32\Wbem;C:\WINDOWS\System32\WindowsPowerShell\v1.0;C:\WINDOWS\System32\OpenSSH;C:\Program Files\dotnet;C:\Program Files\Common Files\Oracle\Java\javapath;C:\Program Files (x86)\Common Files\Oracle\Java\javapath;C:\Program Files\Microsoft SQL Server\130\Tools\Binn;C:\Program Files\Microsoft SQL Server\Client SDK\ODBC\170\Tools\Binn;C:\Program Files\TortoiseGit\bin;zC;C:\Program Files\Git\msys64;zC;C:\Program Files\Git\msys64\mingw32\bin;
USERNAME=Jay
DISPLAY=:0.0
LC_ALL=en_US.UTF-8
TERM=cygwin
TMPDIR=C:\Users\Jay\AppData\Local\Temp
OS=Windows_NT
PROCESSOR_IDENTIFIER=Intel64 Family 6 Model 42 Stepping 7, GenuineIntel
TMP=C:\Users\Jay\AppData\Local\Temp
TEMP=C:\Users\Jay\AppData\Local\Temp


JNI global refs:
JNI global refs: 0, weak refs: 0

JNI global refs memory usage: 0, weak refs: 0

OOME stack traces (most recent first):
Classloader memory used:


---------------  S Y S T E M  ---------------

OS:
 Windows 10 , 64 bit Build 19041 (10.0.19041.1706)
OS uptime: 1 days 23:36 hours

CPU: total 4 (initial active 4) (4 cores per cpu, 1 threads per core) family 6 model 42 stepping 7 microcode 0x2f, cx8, cmov, fxsr, mmx, sse, sse2, sse3, ssse3, sse4.1, sse4.2, popcnt, tsc, tscinvbit, avx, aes, clmul, vzeroupper, clflush
Processor Information for all 4 processors :
  Max Mhz: 3101, Current Mhz: 3101, Mhz Limit: 3101

Memory: 4k page, system-wide physical 8086M (514M free)
TotalPageFile size 11016M (AvailPageFile size 51M)
current process WorkingSet (physical memory assigned to process): 10M, peak: 10M
current process commit charge ("private bytes"): 52M, peak: 179M

vm_info: OpenJDK 64-Bit Server VM (17.0.8+7-b1000.8) for windows-amd64 JRE (17.0.8+7-b1000.8), built on 2023-08-04 by "builduser" with MS VC++ 16.10 / 16.11 (VS2019)

END.
